0 info it worked if it ends with ok
1 verbose cli [ '/usr/bin/nodejs', '/usr/bin/npm', 'start' ]
2 info using npm@3.10.3
3 info using node@v6.3.1
4 verbose run-script [ 'prestart', 'start', 'poststart' ]
5 info lifecycle the_marauders_map@1.0.0~prestart: the_marauders_map@1.0.0
6 silly lifecycle the_marauders_map@1.0.0~prestart: no script for prestart, continuing
7 info lifecycle the_marauders_map@1.0.0~start: the_marauders_map@1.0.0
8 verbose lifecycle the_marauders_map@1.0.0~start: unsafe-perm in lifecycle true
9 verbose lifecycle the_marauders_map@1.0.0~start: PATH: /usr/lib/node_modules/npm/bin/node-gyp-bin:/home/meets/hackathon/Slytherin_web/node_modules/.bin:/usr/bin:/usr/local/sbin:/usr/local/bin:/usr/sbin:/usr/bin:/sbin:/bin:/usr/games:/usr/local/games:/usr/lib/jvm/java-8-oracle/bin:/usr/lib/jvm/java-8-oracle/db/bin:/usr/lib/jvm/java-8-oracle/jre/bin:/usr/local/java/jre1.8.0_20/bin:/usr/local/java/jdk1.8.0_111/bin
10 verbose lifecycle the_marauders_map@1.0.0~start: CWD: /home/meets/hackathon/Slytherin_web
11 silly lifecycle the_marauders_map@1.0.0~start: Args: [ '-c', 'node app' ]
12 silly lifecycle the_marauders_map@1.0.0~start: Returned: code: 1  signal: null
13 info lifecycle the_marauders_map@1.0.0~start: Failed to exec start script
14 verbose stack Error: the_marauders_map@1.0.0 start: `node app`
14 verbose stack Exit status 1
14 verbose stack     at EventEmitter.<anonymous> (/usr/lib/node_modules/npm/lib/utils/lifecycle.js:242:16)
14 verbose stack     at emitTwo (events.js:106:13)
14 verbose stack     at EventEmitter.emit (events.js:191:7)
14 verbose stack     at ChildProcess.<anonymous> (/usr/lib/node_modules/npm/lib/utils/spawn.js:40:14)
14 verbose stack     at emitTwo (events.js:106:13)
14 verbose stack     at ChildProcess.emit (events.js:191:7)
14 verbose stack     at maybeClose (internal/child_process.js:852:16)
14 verbose stack     at Process.ChildProcess._handle.onexit (internal/child_process.js:215:5)
15 verbose pkgid the_marauders_map@1.0.0
16 verbose cwd /home/meets/hackathon/Slytherin_web
17 error Linux 4.2.0-42-generic
18 error argv "/usr/bin/nodejs" "/usr/bin/npm" "start"
19 error node v6.3.1
20 error npm  v3.10.3
21 error code ELIFECYCLE
22 error the_marauders_map@1.0.0 start: `node app`
22 error Exit status 1
23 error Failed at the the_marauders_map@1.0.0 start script 'node app'.
23 error Make sure you have the latest version of node.js and npm installed.
23 error If you do, this is most likely a problem with the the_marauders_map package,
23 error not with npm itself.
23 error Tell the author that this fails on your system:
23 error     node app
23 error You can get information on how to open an issue for this project with:
23 error     npm bugs the_marauders_map
23 error Or if that isn't available, you can get their info via:
23 error     npm owner ls the_marauders_map
23 error There is likely additional logging output above.
24 verbose exit [ 1, true ]
